CRITICAL - 2022-09-09 00:02:13 --> Undefined variable $validation
in APPPATH/Views/main/user/lamar/index.php on line 55.
 1 APPPATH/Views/main/user/lamar/index.php(55): CodeIgniter\Debug\Exceptions->errorHandler()
 2 SYSTEMPATH/View/View.php(213): include('APPPATH/Views/main/user/lamar/index.php')
 3 SYSTEMPATH/View/View.php(216): CodeIgniter\View\View->CodeIgniter\View\{closure}()
 4 SYSTEMPATH/Common.php(1142): CodeIgniter\View\View->render()
 5 APPPATH/Controllers/User.php(39): view()
 6 SYSTEMPATH/CodeIgniter.php(904): App\Controllers\User->Lamaran()
 7 SYSTEMPATH/CodeIgniter.php(457): CodeIgniter\CodeIgniter->runController()
 8 SYSTEMPATH/CodeIgniter.php(340): CodeIgniter\CodeIgniter->handleRequest()
 9 FCPATH/index.php(67): CodeIgniter\CodeIgniter->run()
CRITICAL - 2022-09-09 00:07:56 --> Undefined variable $validation
in APPPATH/Views/main/user/lamar/index.php on line 55.
 1 APPPATH/Views/main/user/lamar/index.php(55): CodeIgniter\Debug\Exceptions->errorHandler()
 2 SYSTEMPATH/View/View.php(213): include('APPPATH/Views/main/user/lamar/index.php')
 3 SYSTEMPATH/View/View.php(216): CodeIgniter\View\View->CodeIgniter\View\{closure}()
 4 SYSTEMPATH/Common.php(1142): CodeIgniter\View\View->render()
 5 APPPATH/Controllers/User.php(39): view()
 6 SYSTEMPATH/CodeIgniter.php(904): App\Controllers\User->Lamaran()
 7 SYSTEMPATH/CodeIgniter.php(457): CodeIgniter\CodeIgniter->runController()
 8 SYSTEMPATH/CodeIgniter.php(340): CodeIgniter\CodeIgniter->handleRequest()
 9 FCPATH/index.php(67): CodeIgniter\CodeIgniter->run()
CRITICAL - 2022-09-09 00:09:10 --> Undefined variable $validation
in APPPATH/Views/main/user/lamar/index.php on line 55.
 1 APPPATH/Views/main/user/lamar/index.php(55): CodeIgniter\Debug\Exceptions->errorHandler()
 2 SYSTEMPATH/View/View.php(213): include('APPPATH/Views/main/user/lamar/index.php')
 3 SYSTEMPATH/View/View.php(216): CodeIgniter\View\View->CodeIgniter\View\{closure}()
 4 SYSTEMPATH/Common.php(1142): CodeIgniter\View\View->render()
 5 APPPATH/Controllers/User.php(44): view()
 6 SYSTEMPATH/CodeIgniter.php(904): App\Controllers\User->Lamaran()
 7 SYSTEMPATH/CodeIgniter.php(457): CodeIgniter\CodeIgniter->runController()
 8 SYSTEMPATH/CodeIgniter.php(340): CodeIgniter\CodeIgniter->handleRequest()
 9 FCPATH/index.php(67): CodeIgniter\CodeIgniter->run()
ERROR - 2022-09-09 00:09:35 --> mysqli_sql_exception: Column 'foto' cannot be null in /storage/ssd5/691/19482691/public_html/vendor/codeigniter4/framework/system/Database/MySQLi/Connection.php:292
Stack trace:
#0 /storage/ssd5/691/19482691/public_html/vendor/codeigniter4/framework/system/Database/MySQLi/Connection.php(292): mysqli->query()
#1 /storage/ssd5/691/19482691/public_html/vendor/codeigniter4/framework/system/Database/BaseConnection.php(693): CodeIgniter\Database\MySQLi\Connection->execute()
#2 /storage/ssd5/691/19482691/public_html/vendor/codeigniter4/framework/system/Database/BaseConnection.php(620): CodeIgniter\Database\BaseConnection->simpleQuery()
#3 /storage/ssd5/691/19482691/public_html/vendor/codeigniter4/framework/system/Database/BaseBuilder.php(1916): CodeIgniter\Database\BaseConnection->query()
#4 /storage/ssd5/691/19482691/public_html/app/Models/lamaran.php(35): CodeIgniter\Database\BaseBuilder->insert()
#5 /storage/ssd5/691/19482691/public_html/app/Controllers/Lamar.php(31): App\Models\lamaran->add()
#6 /storage/ssd5/691/19482691/public_html/vendor/codeigniter4/framework/system/CodeIgniter.php(904): App\Controllers\Lamar->save()
#7 /storage/ssd5/691/19482691/public_html/vendor/codeigniter4/framework/system/CodeIgniter.php(457): CodeIgniter\CodeIgniter->runController()
#8 /storage/ssd5/691/19482691/public_html/vendor/codeigniter4/framework/system/CodeIgniter.php(340): CodeIgniter\CodeIgniter->handleRequest()
#9 /storage/ssd5/691/19482691/public_html/index.php(67): CodeIgniter\CodeIgniter->run()
#10 {main}
ERROR - 2022-09-09 00:13:50 --> mysqli_sql_exception: Column 'foto' cannot be null in /storage/ssd5/691/19482691/public_html/vendor/codeigniter4/framework/system/Database/MySQLi/Connection.php:292
Stack trace:
#0 /storage/ssd5/691/19482691/public_html/vendor/codeigniter4/framework/system/Database/MySQLi/Connection.php(292): mysqli->query()
#1 /storage/ssd5/691/19482691/public_html/vendor/codeigniter4/framework/system/Database/BaseConnection.php(693): CodeIgniter\Database\MySQLi\Connection->execute()
#2 /storage/ssd5/691/19482691/public_html/vendor/codeigniter4/framework/system/Database/BaseConnection.php(620): CodeIgniter\Database\BaseConnection->simpleQuery()
#3 /storage/ssd5/691/19482691/public_html/vendor/codeigniter4/framework/system/Database/BaseBuilder.php(1916): CodeIgniter\Database\BaseConnection->query()
#4 /storage/ssd5/691/19482691/public_html/app/Models/lamaran.php(35): CodeIgniter\Database\BaseBuilder->insert()
#5 /storage/ssd5/691/19482691/public_html/app/Controllers/Lamar.php(31): App\Models\lamaran->add()
#6 /storage/ssd5/691/19482691/public_html/vendor/codeigniter4/framework/system/CodeIgniter.php(904): App\Controllers\Lamar->save()
#7 /storage/ssd5/691/19482691/public_html/vendor/codeigniter4/framework/system/CodeIgniter.php(457): CodeIgniter\CodeIgniter->runController()
#8 /storage/ssd5/691/19482691/public_html/vendor/codeigniter4/framework/system/CodeIgniter.php(340): CodeIgniter\CodeIgniter->handleRequest()
#9 /storage/ssd5/691/19482691/public_html/index.php(67): CodeIgniter\CodeIgniter->run()
#10 {main}
ERROR - 2022-09-09 00:14:19 --> mysqli_sql_exception: Column 'foto' cannot be null in /storage/ssd5/691/19482691/public_html/vendor/codeigniter4/framework/system/Database/MySQLi/Connection.php:292
Stack trace:
#0 /storage/ssd5/691/19482691/public_html/vendor/codeigniter4/framework/system/Database/MySQLi/Connection.php(292): mysqli->query()
#1 /storage/ssd5/691/19482691/public_html/vendor/codeigniter4/framework/system/Database/BaseConnection.php(693): CodeIgniter\Database\MySQLi\Connection->execute()
#2 /storage/ssd5/691/19482691/public_html/vendor/codeigniter4/framework/system/Database/BaseConnection.php(620): CodeIgniter\Database\BaseConnection->simpleQuery()
#3 /storage/ssd5/691/19482691/public_html/vendor/codeigniter4/framework/system/Database/BaseBuilder.php(1916): CodeIgniter\Database\BaseConnection->query()
#4 /storage/ssd5/691/19482691/public_html/app/Models/lamaran.php(35): CodeIgniter\Database\BaseBuilder->insert()
#5 /storage/ssd5/691/19482691/public_html/app/Controllers/Lamar.php(31): App\Models\lamaran->add()
#6 /storage/ssd5/691/19482691/public_html/vendor/codeigniter4/framework/system/CodeIgniter.php(904): App\Controllers\Lamar->save()
#7 /storage/ssd5/691/19482691/public_html/vendor/codeigniter4/framework/system/CodeIgniter.php(457): CodeIgniter\CodeIgniter->runController()
#8 /storage/ssd5/691/19482691/public_html/vendor/codeigniter4/framework/system/CodeIgniter.php(340): CodeIgniter\CodeIgniter->handleRequest()
#9 /storage/ssd5/691/19482691/public_html/index.php(67): CodeIgniter\CodeIgniter->run()
#10 {main}
ERROR - 2022-09-09 00:17:34 --> mysqli_sql_exception: Column 'foto' cannot be null in /storage/ssd5/691/19482691/public_html/vendor/codeigniter4/framework/system/Database/MySQLi/Connection.php:292
Stack trace:
#0 /storage/ssd5/691/19482691/public_html/vendor/codeigniter4/framework/system/Database/MySQLi/Connection.php(292): mysqli->query()
#1 /storage/ssd5/691/19482691/public_html/vendor/codeigniter4/framework/system/Database/BaseConnection.php(693): CodeIgniter\Database\MySQLi\Connection->execute()
#2 /storage/ssd5/691/19482691/public_html/vendor/codeigniter4/framework/system/Database/BaseConnection.php(620): CodeIgniter\Database\BaseConnection->simpleQuery()
#3 /storage/ssd5/691/19482691/public_html/vendor/codeigniter4/framework/system/Database/BaseBuilder.php(1916): CodeIgniter\Database\BaseConnection->query()
#4 /storage/ssd5/691/19482691/public_html/app/Models/lamaran.php(35): CodeIgniter\Database\BaseBuilder->insert()
#5 /storage/ssd5/691/19482691/public_html/app/Controllers/Lamar.php(31): App\Models\lamaran->add()
#6 /storage/ssd5/691/19482691/public_html/vendor/codeigniter4/framework/system/CodeIgniter.php(904): App\Controllers\Lamar->save()
#7 /storage/ssd5/691/19482691/public_html/vendor/codeigniter4/framework/system/CodeIgniter.php(457): CodeIgniter\CodeIgniter->runController()
#8 /storage/ssd5/691/19482691/public_html/vendor/codeigniter4/framework/system/CodeIgniter.php(340): CodeIgniter\CodeIgniter->handleRequest()
#9 /storage/ssd5/691/19482691/public_html/index.php(67): CodeIgniter\CodeIgniter->run()
#10 {main}
ERROR - 2022-09-09 00:31:22 --> mysqli_sql_exception: Column 'foto' cannot be null in /storage/ssd5/691/19482691/public_html/vendor/codeigniter4/framework/system/Database/MySQLi/Connection.php:292
Stack trace:
#0 /storage/ssd5/691/19482691/public_html/vendor/codeigniter4/framework/system/Database/MySQLi/Connection.php(292): mysqli->query()
#1 /storage/ssd5/691/19482691/public_html/vendor/codeigniter4/framework/system/Database/BaseConnection.php(693): CodeIgniter\Database\MySQLi\Connection->execute()
#2 /storage/ssd5/691/19482691/public_html/vendor/codeigniter4/framework/system/Database/BaseConnection.php(620): CodeIgniter\Database\BaseConnection->simpleQuery()
#3 /storage/ssd5/691/19482691/public_html/vendor/codeigniter4/framework/system/Database/BaseBuilder.php(1916): CodeIgniter\Database\BaseConnection->query()
#4 /storage/ssd5/691/19482691/public_html/app/Models/lamaran.php(35): CodeIgniter\Database\BaseBuilder->insert()
#5 /storage/ssd5/691/19482691/public_html/app/Controllers/Lamar.php(49): App\Models\lamaran->add()
#6 /storage/ssd5/691/19482691/public_html/vendor/codeigniter4/framework/system/CodeIgniter.php(904): App\Controllers\Lamar->save()
#7 /storage/ssd5/691/19482691/public_html/vendor/codeigniter4/framework/system/CodeIgniter.php(457): CodeIgniter\CodeIgniter->runController()
#8 /storage/ssd5/691/19482691/public_html/vendor/codeigniter4/framework/system/CodeIgniter.php(340): CodeIgniter\CodeIgniter->handleRequest()
#9 /storage/ssd5/691/19482691/public_html/index.php(67): CodeIgniter\CodeIgniter->run()
#10 {main}
ERROR - 2022-09-09 00:50:56 --> mysqli_sql_exception: Column 'foto' cannot be null in /storage/ssd5/691/19482691/public_html/vendor/codeigniter4/framework/system/Database/MySQLi/Connection.php:292
Stack trace:
#0 /storage/ssd5/691/19482691/public_html/vendor/codeigniter4/framework/system/Database/MySQLi/Connection.php(292): mysqli->query()
#1 /storage/ssd5/691/19482691/public_html/vendor/codeigniter4/framework/system/Database/BaseConnection.php(693): CodeIgniter\Database\MySQLi\Connection->execute()
#2 /storage/ssd5/691/19482691/public_html/vendor/codeigniter4/framework/system/Database/BaseConnection.php(620): CodeIgniter\Database\BaseConnection->simpleQuery()
#3 /storage/ssd5/691/19482691/public_html/vendor/codeigniter4/framework/system/Database/BaseBuilder.php(1916): CodeIgniter\Database\BaseConnection->query()
#4 /storage/ssd5/691/19482691/public_html/app/Models/lamaran.php(36): CodeIgniter\Database\BaseBuilder->insert()
#5 /storage/ssd5/691/19482691/public_html/app/Controllers/Lamar.php(49): App\Models\lamaran->add()
#6 /storage/ssd5/691/19482691/public_html/vendor/codeigniter4/framework/system/CodeIgniter.php(904): App\Controllers\Lamar->save()
#7 /storage/ssd5/691/19482691/public_html/vendor/codeigniter4/framework/system/CodeIgniter.php(457): CodeIgniter\CodeIgniter->runController()
#8 /storage/ssd5/691/19482691/public_html/vendor/codeigniter4/framework/system/CodeIgniter.php(340): CodeIgniter\CodeIgniter->handleRequest()
#9 /storage/ssd5/691/19482691/public_html/index.php(67): CodeIgniter\CodeIgniter->run()
#10 {main}
CRITICAL - 2022-09-09 01:42:32 --> Declaration of App\Models\lamaran::save($data) must be compatible with CodeIgniter\BaseModel::save($data): bool
in APPPATH/Models/lamaran.php on line 33.
 1 [internal function]: CodeIgniter\Debug\Exceptions->shutdownHandler()
CRITICAL - 2022-09-09 01:49:37 --> Declaration of App\Models\lamaran::save($data) must be compatible with CodeIgniter\BaseModel::save($data): bool
in APPPATH/Models/lamaran.php on line 33.
 1 [internal function]: CodeIgniter\Debug\Exceptions->shutdownHandler()
CRITICAL - 2022-09-09 01:52:28 --> Declaration of App\Models\lamaran::save() must be compatible with CodeIgniter\BaseModel::save($data): bool
in APPPATH/Models/lamaran.php on line 33.
 1 [internal function]: CodeIgniter\Debug\Exceptions->shutdownHandler()
CRITICAL - 2022-09-09 01:54:40 --> Declaration of App\Models\lamaran::save($data) must be compatible with CodeIgniter\BaseModel::save($data): bool
in APPPATH/Models/lamaran.php on line 33.
 1 [internal function]: CodeIgniter\Debug\Exceptions->shutdownHandler()
CRITICAL - 2022-09-09 01:56:50 --> Declaration of App\Models\lamaran::save($data) must be compatible with CodeIgniter\BaseModel::save($data): bool
in APPPATH/Models/lamaran.php on line 33.
 1 [internal function]: CodeIgniter\Debug\Exceptions->shutdownHandler()
CRITICAL - 2022-09-09 02:01:15 --> Declaration of App\Models\lamaran::save($data) must be compatible with CodeIgniter\BaseModel::save($data): bool
in APPPATH/Models/lamaran.php on line 33.
 1 [internal function]: CodeIgniter\Debug\Exceptions->shutdownHandler()
CRITICAL - 2022-09-09 02:02:27 --> Declaration of App\Models\lamaran::save($data) must be compatible with CodeIgniter\BaseModel::save($data): bool
in APPPATH/Models/lamaran.php on line 33.
 1 [internal function]: CodeIgniter\Debug\Exceptions->shutdownHandler()
CRITICAL - 2022-09-09 02:03:25 --> Class "App\Controllers\CodeIgniter\BaseModel" not found
in APPPATH/Controllers/Lamar.php on line 5.
 1 SYSTEMPATH/Autoloader/Autoloader.php(282): include_once()
 2 SYSTEMPATH/Autoloader/Autoloader.php(259): CodeIgniter\Autoloader\Autoloader->includeFile()
 3 SYSTEMPATH/Autoloader/Autoloader.php(237): CodeIgniter\Autoloader\Autoloader->loadInNamespace()
 4 [internal function]: CodeIgniter\Autoloader\Autoloader->loadClass()
 5 SYSTEMPATH/CodeIgniter.php(854): class_exists()
 6 SYSTEMPATH/CodeIgniter.php(444): CodeIgniter\CodeIgniter->startController()
 7 SYSTEMPATH/CodeIgniter.php(340): CodeIgniter\CodeIgniter->handleRequest()
 8 FCPATH/index.php(67): CodeIgniter\CodeIgniter->run()
CRITICAL - 2022-09-09 02:03:45 --> Declaration of App\Models\lamaran::save($data) must be compatible with CodeIgniter\BaseModel::save($data): bool
in APPPATH/Models/lamaran.php on line 33.
 1 [internal function]: CodeIgniter\Debug\Exceptions->shutdownHandler()
CRITICAL - 2022-09-09 02:04:57 --> Declaration of App\Models\lamaran::save($data) must be compatible with CodeIgniter\BaseModel::save($data): bool
in APPPATH/Models/lamaran.php on line 33.
 1 [internal function]: CodeIgniter\Debug\Exceptions->shutdownHandler()
CRITICAL - 2022-09-09 02:06:04 --> Declaration of App\Models\lamaran::save($data) must be compatible with CodeIgniter\BaseModel::save($data): bool
in APPPATH/Models/lamaran.php on line 33.
 1 [internal function]: CodeIgniter\Debug\Exceptions->shutdownHandler()
CRITICAL - 2022-09-09 02:08:11 --> Declaration of App\Models\lamaran::save($data) must be compatible with CodeIgniter\BaseModel::save($data): bool
in APPPATH/Models/lamaran.php on line 33.
 1 [internal function]: CodeIgniter\Debug\Exceptions->shutdownHandler()
CRITICAL - 2022-09-09 02:09:08 --> Call to undefined method CodeIgniter\HTTP\IncomingRequest::getVPost()
in APPPATH/Controllers/Lamar.php on line 46.
 1 SYSTEMPATH/CodeIgniter.php(904): App\Controllers\Lamar->save()
 2 SYSTEMPATH/CodeIgniter.php(457): CodeIgniter\CodeIgniter->runController()
 3 SYSTEMPATH/CodeIgniter.php(340): CodeIgniter\CodeIgniter->handleRequest()
 4 FCPATH/index.php(67): CodeIgniter\CodeIgniter->run()
ERROR - 2022-09-09 02:09:46 --> mysqli_sql_exception: Column 'foto' cannot be null in /storage/ssd5/691/19482691/public_html/vendor/codeigniter4/framework/system/Database/MySQLi/Connection.php:292
Stack trace:
#0 /storage/ssd5/691/19482691/public_html/vendor/codeigniter4/framework/system/Database/MySQLi/Connection.php(292): mysqli->query()
#1 /storage/ssd5/691/19482691/public_html/vendor/codeigniter4/framework/system/Database/BaseConnection.php(693): CodeIgniter\Database\MySQLi\Connection->execute()
#2 /storage/ssd5/691/19482691/public_html/vendor/codeigniter4/framework/system/Database/BaseConnection.php(620): CodeIgniter\Database\BaseConnection->simpleQuery()
#3 /storage/ssd5/691/19482691/public_html/vendor/codeigniter4/framework/system/Database/BaseBuilder.php(1916): CodeIgniter\Database\BaseConnection->query()
#4 /storage/ssd5/691/19482691/public_html/app/Models/lamaran.php(36): CodeIgniter\Database\BaseBuilder->insert()
#5 /storage/ssd5/691/19482691/public_html/app/Controllers/Lamar.php(58): App\Models\lamaran->tambah()
#6 /storage/ssd5/691/19482691/public_html/vendor/codeigniter4/framework/system/CodeIgniter.php(904): App\Controllers\Lamar->save()
#7 /storage/ssd5/691/19482691/public_html/vendor/codeigniter4/framework/system/CodeIgniter.php(457): CodeIgniter\CodeIgniter->runController()
#8 /storage/ssd5/691/19482691/public_html/vendor/codeigniter4/framework/system/CodeIgniter.php(340): CodeIgniter\CodeIgniter->handleRequest()
#9 /storage/ssd5/691/19482691/public_html/index.php(67): CodeIgniter\CodeIgniter->run()
#10 {main}
CRITICAL - 2022-09-09 19:46:56 --> Too few arguments to function App\Models\lamaran::__construct(), 0 passed in /storage/ssd5/691/19482691/public_html/app/Controllers/Lamar.php on line 12 and exactly 1 expected
in APPPATH/Models/lamaran.php on line 10.
 1 APPPATH/Controllers/Lamar.php(12): App\Models\lamaran->__construct()
 2 SYSTEMPATH/CodeIgniter.php(866): App\Controllers\Lamar->__construct()
 3 SYSTEMPATH/CodeIgniter.php(448): CodeIgniter\CodeIgniter->createController()
 4 SYSTEMPATH/CodeIgniter.php(340): CodeIgniter\CodeIgniter->handleRequest()
 5 FCPATH/index.php(67): CodeIgniter\CodeIgniter->run()
CRITICAL - 2022-09-09 19:47:50 --> Call to undefined method CodeIgniter\HTTP\IncomingRequest::getMethode()
in APPPATH/Controllers/Lamar.php on line 26.
 1 SYSTEMPATH/CodeIgniter.php(904): App\Controllers\Lamar->save()
 2 SYSTEMPATH/CodeIgniter.php(457): CodeIgniter\CodeIgniter->runController()
 3 SYSTEMPATH/CodeIgniter.php(340): CodeIgniter\CodeIgniter->handleRequest()
 4 FCPATH/index.php(67): CodeIgniter\CodeIgniter->run()
CRITICAL - 2022-09-09 20:01:44 --> Call to undefined method CodeIgniter\HTTP\IncomingRequest::getMethode()
in APPPATH/Controllers/Lamar.php on line 26.
 1 SYSTEMPATH/CodeIgniter.php(904): App\Controllers\Lamar->save()
 2 SYSTEMPATH/CodeIgniter.php(457): CodeIgniter\CodeIgniter->runController()
 3 SYSTEMPATH/CodeIgniter.php(340): CodeIgniter\CodeIgniter->handleRequest()
 4 FCPATH/index.php(67): CodeIgniter\CodeIgniter->run()
CRITICAL - 2022-09-09 21:20:53 --> Call to undefined function App\Controllers\with()
in APPPATH/Controllers/Lamar.php on line 36.
 1 SYSTEMPATH/CodeIgniter.php(904): App\Controllers\Lamar->save()
 2 SYSTEMPATH/CodeIgniter.php(457): CodeIgniter\CodeIgniter->runController()
 3 SYSTEMPATH/CodeIgniter.php(340): CodeIgniter\CodeIgniter->handleRequest()
 4 FCPATH/index.php(67): CodeIgniter\CodeIgniter->run()
CRITICAL - 2022-09-09 21:22:14 --> Undefined property: App\Controllers\Lamar::$input
in APPPATH/Controllers/Lamar.php on line 36.
 1 APPPATH/Controllers/Lamar.php(36): CodeIgniter\Debug\Exceptions->errorHandler()
 2 SYSTEMPATH/CodeIgniter.php(904): App\Controllers\Lamar->save()
 3 SYSTEMPATH/CodeIgniter.php(457): CodeIgniter\CodeIgniter->runController()
 4 SYSTEMPATH/CodeIgniter.php(340): CodeIgniter\CodeIgniter->handleRequest()
 5 FCPATH/index.php(67): CodeIgniter\CodeIgniter->run()
CRITICAL - 2022-09-09 21:24:24 --> Undefined array key "foto"
in APPPATH/Controllers/Lamar.php on line 37.
 1 APPPATH/Controllers/Lamar.php(37): CodeIgniter\Debug\Exceptions->errorHandler()
 2 SYSTEMPATH/CodeIgniter.php(904): App\Controllers\Lamar->save()
 3 SYSTEMPATH/CodeIgniter.php(457): CodeIgniter\CodeIgniter->runController()
 4 SYSTEMPATH/CodeIgniter.php(340): CodeIgniter\CodeIgniter->handleRequest()
 5 FCPATH/index.php(67): CodeIgniter\CodeIgniter->run()
CRITICAL - 2022-09-09 21:36:12 --> Undefined property: CodeIgniter\HTTP\IncomingRequest::$getVar
in APPPATH/Controllers/Lamar.php on line 37.
 1 APPPATH/Controllers/Lamar.php(37): CodeIgniter\Debug\Exceptions->errorHandler()
 2 SYSTEMPATH/CodeIgniter.php(904): App\Controllers\Lamar->save()
 3 SYSTEMPATH/CodeIgniter.php(457): CodeIgniter\CodeIgniter->runController()
 4 SYSTEMPATH/CodeIgniter.php(340): CodeIgniter\CodeIgniter->handleRequest()
 5 FCPATH/index.php(67): CodeIgniter\CodeIgniter->run()
CRITICAL - 2022-09-09 21:36:54 --> Undefined property: App\Controllers\Lamar::$lamar
in APPPATH/Controllers/Lamar.php on line 78.
 1 APPPATH/Controllers/Lamar.php(78): CodeIgniter\Debug\Exceptions->errorHandler()
 2 SYSTEMPATH/CodeIgniter.php(904): App\Controllers\Lamar->save()
 3 SYSTEMPATH/CodeIgniter.php(457): CodeIgniter\CodeIgniter->runController()
 4 SYSTEMPATH/CodeIgniter.php(340): CodeIgniter\CodeIgniter->handleRequest()
 5 FCPATH/index.php(67): CodeIgniter\CodeIgniter->run()
CRITICAL - 2022-09-09 21:37:46 --> Undefined property: App\Controllers\Lamar::$lamar
in APPPATH/Controllers/Lamar.php on line 78.
 1 APPPATH/Controllers/Lamar.php(78): CodeIgniter\Debug\Exceptions->errorHandler()
 2 SYSTEMPATH/CodeIgniter.php(904): App\Controllers\Lamar->save()
 3 SYSTEMPATH/CodeIgniter.php(457): CodeIgniter\CodeIgniter->runController()
 4 SYSTEMPATH/CodeIgniter.php(340): CodeIgniter\CodeIgniter->handleRequest()
 5 FCPATH/index.php(67): CodeIgniter\CodeIgniter->run()
ERROR - 2022-09-09 21:38:57 --> mysqli_sql_exception: Column 'nama' cannot be null in /storage/ssd5/691/19482691/public_html/vendor/codeigniter4/framework/system/Database/MySQLi/Connection.php:292
Stack trace:
#0 /storage/ssd5/691/19482691/public_html/vendor/codeigniter4/framework/system/Database/MySQLi/Connection.php(292): mysqli->query()
#1 /storage/ssd5/691/19482691/public_html/vendor/codeigniter4/framework/system/Database/BaseConnection.php(693): CodeIgniter\Database\MySQLi\Connection->execute()
#2 /storage/ssd5/691/19482691/public_html/vendor/codeigniter4/framework/system/Database/BaseConnection.php(620): CodeIgniter\Database\BaseConnection->simpleQuery()
#3 /storage/ssd5/691/19482691/public_html/vendor/codeigniter4/framework/system/Database/BaseBuilder.php(1916): CodeIgniter\Database\BaseConnection->query()
#4 /storage/ssd5/691/19482691/public_html/vendor/codeigniter4/framework/system/Model.php(279): CodeIgniter\Database\BaseBuilder->insert()
#5 /storage/ssd5/691/19482691/public_html/vendor/codeigniter4/framework/system/BaseModel.php(738): CodeIgniter\Model->doInsert()
#6 /storage/ssd5/691/19482691/public_html/vendor/codeigniter4/framework/system/Model.php(667): CodeIgniter\BaseModel->insert()
#7 /storage/ssd5/691/19482691/public_html/vendor/codeigniter4/framework/system/BaseModel.php(658): CodeIgniter\Model->insert()
#8 /storage/ssd5/691/19482691/public_html/app/Controllers/Lamar.php(78): CodeIgniter\BaseModel->save()
#9 /storage/ssd5/691/19482691/public_html/vendor/codeigniter4/framework/system/CodeIgniter.php(904): App\Controllers\Lamar->save()
#10 /storage/ssd5/691/19482691/public_html/vendor/codeigniter4/framework/system/CodeIgniter.php(457): CodeIgniter\CodeIgniter->runController()
#11 /storage/ssd5/691/19482691/public_html/vendor/codeigniter4/framework/system/CodeIgniter.php(340): CodeIgniter\CodeIgniter->handleRequest()
#12 /storage/ssd5/691/19482691/public_html/index.php(67): CodeIgniter\CodeIgniter->run()
#13 {main}
ERROR - 2022-09-09 21:45:34 --> mysqli_sql_exception: Column 'foto' cannot be null in /storage/ssd5/691/19482691/public_html/vendor/codeigniter4/framework/system/Database/MySQLi/Connection.php:292
Stack trace:
#0 /storage/ssd5/691/19482691/public_html/vendor/codeigniter4/framework/system/Database/MySQLi/Connection.php(292): mysqli->query()
#1 /storage/ssd5/691/19482691/public_html/vendor/codeigniter4/framework/system/Database/BaseConnection.php(693): CodeIgniter\Database\MySQLi\Connection->execute()
#2 /storage/ssd5/691/19482691/public_html/vendor/codeigniter4/framework/system/Database/BaseConnection.php(620): CodeIgniter\Database\BaseConnection->simpleQuery()
#3 /storage/ssd5/691/19482691/public_html/vendor/codeigniter4/framework/system/Database/BaseBuilder.php(1916): CodeIgniter\Database\BaseConnection->query()
#4 /storage/ssd5/691/19482691/public_html/vendor/codeigniter4/framework/system/Model.php(279): CodeIgniter\Database\BaseBuilder->insert()
#5 /storage/ssd5/691/19482691/public_html/vendor/codeigniter4/framework/system/BaseModel.php(738): CodeIgniter\Model->doInsert()
#6 /storage/ssd5/691/19482691/public_html/vendor/codeigniter4/framework/system/Model.php(667): CodeIgniter\BaseModel->insert()
#7 /storage/ssd5/691/19482691/public_html/app/Controllers/Lamar.php(79): CodeIgniter\Model->insert()
#8 /storage/ssd5/691/19482691/public_html/vendor/codeigniter4/framework/system/CodeIgniter.php(904): App\Controllers\Lamar->save()
#9 /storage/ssd5/691/19482691/public_html/vendor/codeigniter4/framework/system/CodeIgniter.php(457): CodeIgniter\CodeIgniter->runController()
#10 /storage/ssd5/691/19482691/public_html/vendor/codeigniter4/framework/system/CodeIgniter.php(340): CodeIgniter\CodeIgniter->handleRequest()
#11 /storage/ssd5/691/19482691/public_html/index.php(67): CodeIgniter\CodeIgniter->run()
#12 {main}
ERROR - 2022-09-09 21:48:06 --> mysqli_sql_exception: Column 'foto' cannot be null in /storage/ssd5/691/19482691/public_html/vendor/codeigniter4/framework/system/Database/MySQLi/Connection.php:292
Stack trace:
#0 /storage/ssd5/691/19482691/public_html/vendor/codeigniter4/framework/system/Database/MySQLi/Connection.php(292): mysqli->query()
#1 /storage/ssd5/691/19482691/public_html/vendor/codeigniter4/framework/system/Database/BaseConnection.php(693): CodeIgniter\Database\MySQLi\Connection->execute()
#2 /storage/ssd5/691/19482691/public_html/vendor/codeigniter4/framework/system/Database/BaseConnection.php(620): CodeIgniter\Database\BaseConnection->simpleQuery()
#3 /storage/ssd5/691/19482691/public_html/vendor/codeigniter4/framework/system/Database/BaseBuilder.php(1916): CodeIgniter\Database\BaseConnection->query()
#4 /storage/ssd5/691/19482691/public_html/vendor/codeigniter4/framework/system/Model.php(279): CodeIgniter\Database\BaseBuilder->insert()
#5 /storage/ssd5/691/19482691/public_html/vendor/codeigniter4/framework/system/BaseModel.php(738): CodeIgniter\Model->doInsert()
#6 /storage/ssd5/691/19482691/public_html/vendor/codeigniter4/framework/system/Model.php(667): CodeIgniter\BaseModel->insert()
#7 /storage/ssd5/691/19482691/public_html/app/Controllers/Lamar.php(79): CodeIgniter\Model->insert()
#8 /storage/ssd5/691/19482691/public_html/vendor/codeigniter4/framework/system/CodeIgniter.php(904): App\Controllers\Lamar->save()
#9 /storage/ssd5/691/19482691/public_html/vendor/codeigniter4/framework/system/CodeIgniter.php(457): CodeIgniter\CodeIgniter->runController()
#10 /storage/ssd5/691/19482691/public_html/vendor/codeigniter4/framework/system/CodeIgniter.php(340): CodeIgniter\CodeIgniter->handleRequest()
#11 /storage/ssd5/691/19482691/public_html/index.php(67): CodeIgniter\CodeIgniter->run()
#12 {main}
ERROR - 2022-09-09 22:03:54 --> mysqli_sql_exception: Column 'nama' cannot be null in /storage/ssd5/691/19482691/public_html/vendor/codeigniter4/framework/system/Database/MySQLi/Connection.php:292
Stack trace:
#0 /storage/ssd5/691/19482691/public_html/vendor/codeigniter4/framework/system/Database/MySQLi/Connection.php(292): mysqli->query()
#1 /storage/ssd5/691/19482691/public_html/vendor/codeigniter4/framework/system/Database/BaseConnection.php(693): CodeIgniter\Database\MySQLi\Connection->execute()
#2 /storage/ssd5/691/19482691/public_html/vendor/codeigniter4/framework/system/Database/BaseConnection.php(620): CodeIgniter\Database\BaseConnection->simpleQuery()
#3 /storage/ssd5/691/19482691/public_html/vendor/codeigniter4/framework/system/Database/BaseBuilder.php(1916): CodeIgniter\Database\BaseConnection->query()
#4 /storage/ssd5/691/19482691/public_html/vendor/codeigniter4/framework/system/Model.php(279): CodeIgniter\Database\BaseBuilder->insert()
#5 /storage/ssd5/691/19482691/public_html/vendor/codeigniter4/framework/system/BaseModel.php(738): CodeIgniter\Model->doInsert()
#6 /storage/ssd5/691/19482691/public_html/vendor/codeigniter4/framework/system/Model.php(667): CodeIgniter\BaseModel->insert()
#7 /storage/ssd5/691/19482691/public_html/vendor/codeigniter4/framework/system/BaseModel.php(658): CodeIgniter\Model->insert()
#8 /storage/ssd5/691/19482691/public_html/app/Controllers/Lamar.php(78): CodeIgniter\BaseModel->save()
#9 /storage/ssd5/691/19482691/public_html/vendor/codeigniter4/framework/system/CodeIgniter.php(904): App\Controllers\Lamar->save()
#10 /storage/ssd5/691/19482691/public_html/vendor/codeigniter4/framework/system/CodeIgniter.php(457): CodeIgniter\CodeIgniter->runController()
#11 /storage/ssd5/691/19482691/public_html/vendor/codeigniter4/framework/system/CodeIgniter.php(340): CodeIgniter\CodeIgniter->handleRequest()
#12 /storage/ssd5/691/19482691/public_html/index.php(67): CodeIgniter\CodeIgniter->run()
#13 {main}
ERROR - 2022-09-09 22:05:26 --> mysqli_sql_exception: Column 'foto' cannot be null in /storage/ssd5/691/19482691/public_html/vendor/codeigniter4/framework/system/Database/MySQLi/Connection.php:292
Stack trace:
#0 /storage/ssd5/691/19482691/public_html/vendor/codeigniter4/framework/system/Database/MySQLi/Connection.php(292): mysqli->query()
#1 /storage/ssd5/691/19482691/public_html/vendor/codeigniter4/framework/system/Database/BaseConnection.php(693): CodeIgniter\Database\MySQLi\Connection->execute()
#2 /storage/ssd5/691/19482691/public_html/vendor/codeigniter4/framework/system/Database/BaseConnection.php(620): CodeIgniter\Database\BaseConnection->simpleQuery()
#3 /storage/ssd5/691/19482691/public_html/vendor/codeigniter4/framework/system/Database/BaseBuilder.php(1916): CodeIgniter\Database\BaseConnection->query()
#4 /storage/ssd5/691/19482691/public_html/vendor/codeigniter4/framework/system/Model.php(279): CodeIgniter\Database\BaseBuilder->insert()
#5 /storage/ssd5/691/19482691/public_html/vendor/codeigniter4/framework/system/BaseModel.php(738): CodeIgniter\Model->doInsert()
#6 /storage/ssd5/691/19482691/public_html/vendor/codeigniter4/framework/system/Model.php(667): CodeIgniter\BaseModel->insert()
#7 /storage/ssd5/691/19482691/public_html/vendor/codeigniter4/framework/system/BaseModel.php(658): CodeIgniter\Model->insert()
#8 /storage/ssd5/691/19482691/public_html/app/Controllers/Lamar.php(78): CodeIgniter\BaseModel->save()
#9 /storage/ssd5/691/19482691/public_html/vendor/codeigniter4/framework/system/CodeIgniter.php(904): App\Controllers\Lamar->save()
#10 /storage/ssd5/691/19482691/public_html/vendor/codeigniter4/framework/system/CodeIgniter.php(457): CodeIgniter\CodeIgniter->runController()
#11 /storage/ssd5/691/19482691/public_html/vendor/codeigniter4/framework/system/CodeIgniter.php(340): CodeIgniter\CodeIgniter->handleRequest()
#12 /storage/ssd5/691/19482691/public_html/index.php(67): CodeIgniter\CodeIgniter->run()
#13 {main}
ERROR - 2022-09-09 22:07:38 --> mysqli_sql_exception: Column 'foto' cannot be null in /storage/ssd5/691/19482691/public_html/vendor/codeigniter4/framework/system/Database/MySQLi/Connection.php:292
Stack trace:
#0 /storage/ssd5/691/19482691/public_html/vendor/codeigniter4/framework/system/Database/MySQLi/Connection.php(292): mysqli->query()
#1 /storage/ssd5/691/19482691/public_html/vendor/codeigniter4/framework/system/Database/BaseConnection.php(693): CodeIgniter\Database\MySQLi\Connection->execute()
#2 /storage/ssd5/691/19482691/public_html/vendor/codeigniter4/framework/system/Database/BaseConnection.php(620): CodeIgniter\Database\BaseConnection->simpleQuery()
#3 /storage/ssd5/691/19482691/public_html/vendor/codeigniter4/framework/system/Database/BaseBuilder.php(1916): CodeIgniter\Database\BaseConnection->query()
#4 /storage/ssd5/691/19482691/public_html/vendor/codeigniter4/framework/system/Model.php(279): CodeIgniter\Database\BaseBuilder->insert()
#5 /storage/ssd5/691/19482691/public_html/vendor/codeigniter4/framework/system/BaseModel.php(738): CodeIgniter\Model->doInsert()
#6 /storage/ssd5/691/19482691/public_html/vendor/codeigniter4/framework/system/Model.php(667): CodeIgniter\BaseModel->insert()
#7 /storage/ssd5/691/19482691/public_html/vendor/codeigniter4/framework/system/BaseModel.php(658): CodeIgniter\Model->insert()
#8 /storage/ssd5/691/19482691/public_html/app/Controllers/Lamar.php(78): CodeIgniter\BaseModel->save()
#9 /storage/ssd5/691/19482691/public_html/vendor/codeigniter4/framework/system/CodeIgniter.php(904): App\Controllers\Lamar->save()
#10 /storage/ssd5/691/19482691/public_html/vendor/codeigniter4/framework/system/CodeIgniter.php(457): CodeIgniter\CodeIgniter->runController()
#11 /storage/ssd5/691/19482691/public_html/vendor/codeigniter4/framework/system/CodeIgniter.php(340): CodeIgniter\CodeIgniter->handleRequest()
#12 /storage/ssd5/691/19482691/public_html/index.php(67): CodeIgniter\CodeIgniter->run()
#13 {main}
ERROR - 2022-09-09 22:09:07 --> mysqli_sql_exception: Column 'foto' cannot be null in /storage/ssd5/691/19482691/public_html/vendor/codeigniter4/framework/system/Database/MySQLi/Connection.php:292
Stack trace:
#0 /storage/ssd5/691/19482691/public_html/vendor/codeigniter4/framework/system/Database/MySQLi/Connection.php(292): mysqli->query()
#1 /storage/ssd5/691/19482691/public_html/vendor/codeigniter4/framework/system/Database/BaseConnection.php(693): CodeIgniter\Database\MySQLi\Connection->execute()
#2 /storage/ssd5/691/19482691/public_html/vendor/codeigniter4/framework/system/Database/BaseConnection.php(620): CodeIgniter\Database\BaseConnection->simpleQuery()
#3 /storage/ssd5/691/19482691/public_html/vendor/codeigniter4/framework/system/Database/BaseBuilder.php(1916): CodeIgniter\Database\BaseConnection->query()
#4 /storage/ssd5/691/19482691/public_html/vendor/codeigniter4/framework/system/Model.php(279): CodeIgniter\Database\BaseBuilder->insert()
#5 /storage/ssd5/691/19482691/public_html/vendor/codeigniter4/framework/system/BaseModel.php(738): CodeIgniter\Model->doInsert()
#6 /storage/ssd5/691/19482691/public_html/vendor/codeigniter4/framework/system/Model.php(667): CodeIgniter\BaseModel->insert()
#7 /storage/ssd5/691/19482691/public_html/vendor/codeigniter4/framework/system/BaseModel.php(658): CodeIgniter\Model->insert()
#8 /storage/ssd5/691/19482691/public_html/app/Controllers/Lamar.php(78): CodeIgniter\BaseModel->save()
#9 /storage/ssd5/691/19482691/public_html/vendor/codeigniter4/framework/system/CodeIgniter.php(904): App\Controllers\Lamar->save()
#10 /storage/ssd5/691/19482691/public_html/vendor/codeigniter4/framework/system/CodeIgniter.php(457): CodeIgniter\CodeIgniter->runController()
#11 /storage/ssd5/691/19482691/public_html/vendor/codeigniter4/framework/system/CodeIgniter.php(340): CodeIgniter\CodeIgniter->handleRequest()
#12 /storage/ssd5/691/19482691/public_html/index.php(67): CodeIgniter\CodeIgniter->run()
#13 {main}
ERROR - 2022-09-09 22:10:54 --> mysqli_sql_exception: Column 'foto' cannot be null in /storage/ssd5/691/19482691/public_html/vendor/codeigniter4/framework/system/Database/MySQLi/Connection.php:292
Stack trace:
#0 /storage/ssd5/691/19482691/public_html/vendor/codeigniter4/framework/system/Database/MySQLi/Connection.php(292): mysqli->query()
#1 /storage/ssd5/691/19482691/public_html/vendor/codeigniter4/framework/system/Database/BaseConnection.php(693): CodeIgniter\Database\MySQLi\Connection->execute()
#2 /storage/ssd5/691/19482691/public_html/vendor/codeigniter4/framework/system/Database/BaseConnection.php(620): CodeIgniter\Database\BaseConnection->simpleQuery()
#3 /storage/ssd5/691/19482691/public_html/vendor/codeigniter4/framework/system/Database/BaseBuilder.php(1916): CodeIgniter\Database\BaseConnection->query()
#4 /storage/ssd5/691/19482691/public_html/vendor/codeigniter4/framework/system/Model.php(279): CodeIgniter\Database\BaseBuilder->insert()
#5 /storage/ssd5/691/19482691/public_html/vendor/codeigniter4/framework/system/BaseModel.php(738): CodeIgniter\Model->doInsert()
#6 /storage/ssd5/691/19482691/public_html/vendor/codeigniter4/framework/system/Model.php(667): CodeIgniter\BaseModel->insert()
#7 /storage/ssd5/691/19482691/public_html/vendor/codeigniter4/framework/system/BaseModel.php(658): CodeIgniter\Model->insert()
#8 /storage/ssd5/691/19482691/public_html/app/Controllers/Lamar.php(78): CodeIgniter\BaseModel->save()
#9 /storage/ssd5/691/19482691/public_html/vendor/codeigniter4/framework/system/CodeIgniter.php(904): App\Controllers\Lamar->save()
#10 /storage/ssd5/691/19482691/public_html/vendor/codeigniter4/framework/system/CodeIgniter.php(457): CodeIgniter\CodeIgniter->runController()
#11 /storage/ssd5/691/19482691/public_html/vendor/codeigniter4/framework/system/CodeIgniter.php(340): CodeIgniter\CodeIgniter->handleRequest()
#12 /storage/ssd5/691/19482691/public_html/index.php(67): CodeIgniter\CodeIgniter->run()
#13 {main}
CRITICAL - 2022-09-09 22:46:09 --> Undefined variable $lamaran
in APPPATH/Controllers/Lamar.php on line 77.
 1 APPPATH/Controllers/Lamar.php(77): CodeIgniter\Debug\Exceptions->errorHandler()
 2 SYSTEMPATH/CodeIgniter.php(904): App\Controllers\Lamar->save()
 3 SYSTEMPATH/CodeIgniter.php(457): CodeIgniter\CodeIgniter->runController()
 4 SYSTEMPATH/CodeIgniter.php(340): CodeIgniter\CodeIgniter->handleRequest()
 5 FCPATH/index.php(67): CodeIgniter\CodeIgniter->run()
CRITICAL - 2022-09-09 22:59:25 --> Invalid file: add-member.php
in SYSTEMPATH/Exceptions/FrameworkException.php on line 33.
 1 SYSTEMPATH/View/View.php(201): CodeIgniter\Exceptions\FrameworkException::forInvalidFile()
 2 SYSTEMPATH/Common.php(1142): CodeIgniter\View\View->render()
 3 APPPATH/Controllers/Lamar.php(35): view()
 4 SYSTEMPATH/CodeIgniter.php(904): App\Controllers\Lamar->save()
 5 SYSTEMPATH/CodeIgniter.php(457): CodeIgniter\CodeIgniter->runController()
 6 SYSTEMPATH/CodeIgniter.php(340): CodeIgniter\CodeIgniter->handleRequest()
 7 FCPATH/index.php(67): CodeIgniter\CodeIgniter->run()
CRITICAL - 2022-09-09 23:00:43 --> Undefined variable $title
in APPPATH/Views/main/user/lamar/index.php on line 45.
 1 APPPATH/Views/main/user/lamar/index.php(45): CodeIgniter\Debug\Exceptions->errorHandler()
 2 SYSTEMPATH/View/View.php(213): include('APPPATH/Views/main/user/lamar/index.php')
 3 SYSTEMPATH/View/View.php(216): CodeIgniter\View\View->CodeIgniter\View\{closure}()
 4 SYSTEMPATH/Common.php(1142): CodeIgniter\View\View->render()
 5 APPPATH/Controllers/Lamar.php(35): view()
 6 SYSTEMPATH/CodeIgniter.php(904): App\Controllers\Lamar->save()
 7 SYSTEMPATH/CodeIgniter.php(457): CodeIgniter\CodeIgniter->runController()
 8 SYSTEMPATH/CodeIgniter.php(340): CodeIgniter\CodeIgniter->handleRequest()
 9 FCPATH/index.php(67): CodeIgniter\CodeIgniter->run()
CRITICAL - 2022-09-09 23:09:08 --> Undefined variable $title
in APPPATH/Views/main/user/lamar/lamar.php on line 4.
 1 APPPATH/Views/main/user/lamar/lamar.php(4): CodeIgniter\Debug\Exceptions->errorHandler()
 2 SYSTEMPATH/View/View.php(213): include('APPPATH/Views/main/user/lamar/lamar.php')
 3 SYSTEMPATH/View/View.php(216): CodeIgniter\View\View->CodeIgniter\View\{closure}()
 4 SYSTEMPATH/Common.php(1142): CodeIgniter\View\View->render()
 5 APPPATH/Controllers/Lamar.php(35): view()
 6 SYSTEMPATH/CodeIgniter.php(904): App\Controllers\Lamar->save()
 7 SYSTEMPATH/CodeIgniter.php(457): CodeIgniter\CodeIgniter->runController()
 8 SYSTEMPATH/CodeIgniter.php(340): CodeIgniter\CodeIgniter->handleRequest()
 9 FCPATH/index.php(67): CodeIgniter\CodeIgniter->run()
ERROR - 2022-09-09 23:10:21 --> mysqli_sql_exception: Column 'foto' cannot be null in /storage/ssd5/691/19482691/public_html/vendor/codeigniter4/framework/system/Database/MySQLi/Connection.php:292
Stack trace:
#0 /storage/ssd5/691/19482691/public_html/vendor/codeigniter4/framework/system/Database/MySQLi/Connection.php(292): mysqli->query()
#1 /storage/ssd5/691/19482691/public_html/vendor/codeigniter4/framework/system/Database/BaseConnection.php(693): CodeIgniter\Database\MySQLi\Connection->execute()
#2 /storage/ssd5/691/19482691/public_html/vendor/codeigniter4/framework/system/Database/BaseConnection.php(620): CodeIgniter\Database\BaseConnection->simpleQuery()
#3 /storage/ssd5/691/19482691/public_html/vendor/codeigniter4/framework/system/Database/BaseBuilder.php(1916): CodeIgniter\Database\BaseConnection->query()
#4 /storage/ssd5/691/19482691/public_html/vendor/codeigniter4/framework/system/Model.php(279): CodeIgniter\Database\BaseBuilder->insert()
#5 /storage/ssd5/691/19482691/public_html/vendor/codeigniter4/framework/system/BaseModel.php(738): CodeIgniter\Model->doInsert()
#6 /storage/ssd5/691/19482691/public_html/vendor/codeigniter4/framework/system/Model.php(667): CodeIgniter\BaseModel->insert()
#7 /storage/ssd5/691/19482691/public_html/vendor/codeigniter4/framework/system/BaseModel.php(658): CodeIgniter\Model->insert()
#8 /storage/ssd5/691/19482691/public_html/app/Controllers/Lamar.php(48): CodeIgniter\BaseModel->save()
#9 /storage/ssd5/691/19482691/public_html/vendor/codeigniter4/framework/system/CodeIgniter.php(904): App\Controllers\Lamar->save()
#10 /storage/ssd5/691/19482691/public_html/vendor/codeigniter4/framework/system/CodeIgniter.php(457): CodeIgniter\CodeIgniter->runController()
#11 /storage/ssd5/691/19482691/public_html/vendor/codeigniter4/framework/system/CodeIgniter.php(340): CodeIgniter\CodeIgniter->handleRequest()
#12 /storage/ssd5/691/19482691/public_html/index.php(67): CodeIgniter\CodeIgniter->run()
#13 {main}
